\BOOKMARK [0][]{sysuchapter.1.0}{\376\377\000C\000o\000v\000e\000r}{}% 1
\BOOKMARK [0][]{sysuchapter.2.0}{\376\377\166\356\000\040\137\125}{}% 2
\BOOKMARK [0][]{chapter.1}{\376\377\0001\000\040\116\373\122\241\133\232\116\111\116\016\136\224\165\050\200\314\146\157}{}% 3
\BOOKMARK [1][-]{section.1.1}{\376\377\0001\000.\0001\000\040\116\373\122\241\133\232\116\111}{chapter.1}% 4
\BOOKMARK [1][-]{section.1.2}{\376\377\0001\000.\0002\000\040\136\224\165\050\200\314\146\157}{chapter.1}% 5
\BOOKMARK [0][]{chapter.2}{\376\377\0002\000\040\166\370\121\163\135\345\117\134\214\003\170\024}{}% 6
\BOOKMARK [0][]{chapter.3}{\376\377\0003\000\040\174\373\176\337\145\271\150\110\213\276\213\241}{}% 7
\BOOKMARK [1][-]{section.3.1}{\376\377\0003\000.\0001\000\040\140\073\117\123\147\266\147\204}{chapter.3}% 8
\BOOKMARK [1][-]{section.3.2}{\376\377\0003\000.\0002\000\040\150\070\137\303\152\041\127\127}{chapter.3}% 9
\BOOKMARK [1][-]{section.3.3}{\376\377\0003\000.\0003\000\040\145\207\150\143\211\343\147\220\116\016\176\323\147\204\123\026\210\150\171\072}{chapter.3}% 10
\BOOKMARK [1][-]{section.3.4}{\376\377\0003\000.\0004\000\040\126\376\214\061\147\204\136\372}{chapter.3}% 11
\BOOKMARK [1][-]{section.3.5}{\376\377\0003\000.\0005\000\040\000G\000r\000a\000p\000h\000R\000A\000G\000\040\150\300\175\042\116\016\165\037\142\020}{chapter.3}% 12
\BOOKMARK [0][]{chapter.4}{\376\377\0004\000\040\152\041\127\213\116\016\142\200\147\057\220\011\127\213}{}% 13
\BOOKMARK [0][]{chapter.5}{\376\377\0005\000\040\145\160\143\156\226\306\116\016\133\236\232\214\213\276\213\241}{}% 14
\BOOKMARK [1][-]{section.5.1}{\376\377\0005\000.\0001\000\040\145\160\143\156\226\306\213\241\122\022}{chapter.5}% 15
\BOOKMARK [1][-]{section.5.2}{\376\377\0005\000.\0002\000\040\213\304\155\113\225\356\230\230\174\173\127\213}{chapter.5}% 16
\BOOKMARK [1][-]{section.5.3}{\376\377\0005\000.\0003\000\040\143\007\150\007\213\276\213\241}{chapter.5}% 17
\BOOKMARK [0][]{chapter.6}{\376\377\0006\000\040\173\227\122\233\230\204\173\227\116\016\145\366\225\364\213\241\122\022}{}% 18
\BOOKMARK [1][-]{section.6.1}{\376\377\0006\000.\0001\000\040\173\227\122\233\116\016\142\020\147\054}{chapter.6}% 19
\BOOKMARK [1][-]{section.6.2}{\376\377\0006\000.\0002\000\040\137\123\122\115\217\333\136\246}{chapter.6}% 20
\BOOKMARK [1][-]{section.6.3}{\376\377\0006\000.\0003\000\040\124\016\176\355\213\241\122\022}{chapter.6}% 21
\BOOKMARK [0][]{chapter.7}{\376\377\0007\000\040\122\033\145\260\160\271\116\016\215\041\163\056}{}% 22
\BOOKMARK [0][]{chapter.8}{\376\377\0008\000\040\123\302\200\003\145\207\163\056}{}% 23
